<?xml version="1.0" encoding="UTF-8"?>
<testng-results ignored="0" total="1" passed="1" failed="0" skipped="0">
  <reporter-output>
  </reporter-output>
  <suite started-at="2025-07-17T08:04:57 IST" name="Default suite" finished-at="2025-07-17T08:05:14 IST" duration-ms="17236">
    <groups>
      <group name="regressionTest">
        <method signature="CreateOrganizationTest.createOrganizationTest()[pri:0, instance:Organization.CreateOrganizationTest@762ef0ea]" name="createOrganizationTest" class="Organization.CreateOrganizationTest"/>
      </group> <!-- regressionTest -->
      <group name="smokeTest">
        <method signature="CreateOrganizationTest.createOrganizationTest()[pri:0, instance:Organization.CreateOrganizationTest@762ef0ea]" name="createOrganizationTest" class="Organization.CreateOrganizationTest"/>
      </group> <!-- smokeTest -->
    </groups>
    <test started-at="2025-07-17T08:04:57 IST" name="Default test" finished-at="2025-07-17T08:05:14 IST" duration-ms="17236">
      <class name="Organization.CreateOrganizationTest">
        <test-method is-config="true" signature="BS()[pri:0, instance:Organization.CreateOrganizationTest@762ef0ea]" started-at="2025-07-17T08:04:57 IST" name="BS" finished-at="2025-07-17T08:04:57 IST" duration-ms="11" status="PASS">
          <reporter-output>
          </reporter-output>
        </test-method> <!-- BS -->
        <test-method is-config="true" signature="BT()[pri:0, instance:Organization.CreateOrganizationTest@762ef0ea]" started-at="2025-07-17T08:04:57 IST" name="BT" finished-at="2025-07-17T08:04:57 IST" duration-ms="1" status="PASS">
          <reporter-output>
          </reporter-output>
        </test-method> <!-- BT -->
        <test-method is-config="true" signature="BC()[pri:0, instance:Organization.CreateOrganizationTest@762ef0ea]" started-at="2025-07-17T08:04:57 IST" name="BC" finished-at="2025-07-17T08:04:59 IST" duration-ms="1848" status="PASS">
          <reporter-output>
          </reporter-output>
        </test-method> <!-- BC -->
        <test-method is-config="true" signature="BM()[pri:0, instance:Organization.CreateOrganizationTest@762ef0ea]" started-at="2025-07-17T08:04:59 IST" name="BM" finished-at="2025-07-17T08:05:02 IST" duration-ms="3157" status="PASS">
          <reporter-output>
          </reporter-output>
        </test-method> <!-- BM -->
        <test-method signature="createOrganizationTest()[pri:0, instance:Organization.CreateOrganizationTest@762ef0ea]" started-at="2025-07-17T08:05:02 IST" name="createOrganizationTest" finished-at="2025-07-17T08:05:13 IST" duration-ms="10762" status="PASS">
          <reporter-output>
          </reporter-output>
        </test-method> <!-- createOrganizationTest -->
        <test-method is-config="true" signature="AM()[pri:0, instance:Organization.CreateOrganizationTest@762ef0ea]" started-at="2025-07-17T08:05:13 IST" name="AM" finished-at="2025-07-17T08:05:14 IST" duration-ms="1104" status="PASS">
          <reporter-output>
          </reporter-output>
        </test-method> <!-- AM -->
        <test-method is-config="true" signature="AC()[pri:0, instance:Organization.CreateOrganizationTest@762ef0ea]" started-at="2025-07-17T08:05:14 IST" name="AC" finished-at="2025-07-17T08:05:14 IST" duration-ms="306" status="PASS">
          <reporter-output>
          </reporter-output>
        </test-method> <!-- AC -->
        <test-method is-config="true" signature="AT()[pri:0, instance:Organization.CreateOrganizationTest@762ef0ea]" started-at="2025-07-17T08:05:14 IST" name="AT" finished-at="2025-07-17T08:05:14 IST" duration-ms="0" status="PASS">
          <reporter-output>
          </reporter-output>
        </test-method> <!-- AT -->
        <test-method is-config="true" signature="AS()[pri:0, instance:Organization.CreateOrganizationTest@762ef0ea]" started-at="2025-07-17T08:05:14 IST" name="AS" finished-at="2025-07-17T08:05:14 IST" duration-ms="0" status="PASS">
          <reporter-output>
          </reporter-output>
        </test-method> <!-- AS -->
      </class> <!-- Organization.CreateOrganizationTest -->
    </test> <!-- Default test -->
  </suite> <!-- Default suite -->
</testng-results>
