<?xml version="1.0" encoding="UTF-8"?>
<testng-results ignored="0" total="1" passed="1" failed="0" skipped="0">
  <reporter-output>
  </reporter-output>
  <suite started-at="2025-07-08T08:05:39 IST" name="Default suite" finished-at="2025-07-08T08:06:07 IST" duration-ms="28635">
    <groups>
    </groups>
    <test started-at="2025-07-08T08:05:39 IST" name="Default test" finished-at="2025-07-08T08:06:07 IST" duration-ms="28635">
      <class name="product.CreateProductTest">
        <test-method is-config="true" signature="BS()[pri:0, instance:product.CreateProductTest@5745ca0e]" started-at="2025-07-08T08:05:39 IST" name="BS" finished-at="2025-07-08T08:05:39 IST" duration-ms="22" status="PASS">
          <reporter-output>
          </reporter-output>
        </test-method> <!-- BS -->
        <test-method is-config="true" signature="BT()[pri:0, instance:product.CreateProductTest@5745ca0e]" started-at="2025-07-08T08:05:39 IST" name="BT" finished-at="2025-07-08T08:05:39 IST" duration-ms="1" status="PASS">
          <reporter-output>
          </reporter-output>
        </test-method> <!-- BT -->
        <test-method is-config="true" signature="BC()[pri:0, instance:product.CreateProductTest@5745ca0e]" started-at="2025-07-08T08:05:39 IST" name="BC" finished-at="2025-07-08T08:05:42 IST" duration-ms="3212" status="PASS">
          <reporter-output>
          </reporter-output>
        </test-method> <!-- BC -->
        <test-method is-config="true" signature="BM()[pri:0, instance:product.CreateProductTest@5745ca0e]" started-at="2025-07-08T08:05:42 IST" name="BM" finished-at="2025-07-08T08:05:48 IST" duration-ms="5826" status="PASS">
          <reporter-output>
          </reporter-output>
        </test-method> <!-- BM -->
        <test-method signature="createProductTest()[pri:0, instance:product.CreateProductTest@5745ca0e]" started-at="2025-07-08T08:05:48 IST" name="createProductTest" finished-at="2025-07-08T08:06:05 IST" duration-ms="17593" status="PASS">
          <reporter-output>
          </reporter-output>
        </test-method> <!-- createProductTest -->
        <test-method is-config="true" signature="AM()[pri:0, instance:product.CreateProductTest@5745ca0e]" started-at="2025-07-08T08:06:05 IST" name="AM" finished-at="2025-07-08T08:06:07 IST" duration-ms="1561" status="PASS">
          <reporter-output>
          </reporter-output>
        </test-method> <!-- AM -->
        <test-method is-config="true" signature="AC()[pri:0, instance:product.CreateProductTest@5745ca0e]" started-at="2025-07-08T08:06:07 IST" name="AC" finished-at="2025-07-08T08:06:07 IST" duration-ms="367" status="PASS">
          <reporter-output>
          </reporter-output>
        </test-method> <!-- AC -->
        <test-method is-config="true" signature="AT()[pri:0, instance:product.CreateProductTest@5745ca0e]" started-at="2025-07-08T08:06:07 IST" name="AT" finished-at="2025-07-08T08:06:07 IST" duration-ms="0" status="PASS">
          <reporter-output>
          </reporter-output>
        </test-method> <!-- AT -->
        <test-method is-config="true" signature="AS()[pri:0, instance:product.CreateProductTest@5745ca0e]" started-at="2025-07-08T08:06:07 IST" name="AS" finished-at="2025-07-08T08:06:07 IST" duration-ms="0" status="PASS">
          <reporter-output>
          </reporter-output>
        </test-method> <!-- AS -->
      </class> <!-- product.CreateProductTest -->
    </test> <!-- Default test -->
  </suite> <!-- Default suite -->
</testng-results>
